2019-11-06 15:04:11 +0000  Initial pipeline context: <IDEDistributionProcessingPipelineContext: 0x7fc7eb080790; archive(resolved)='<IDEArchive: 0x7fc7e84d1480>', distributionTask(resolved)='2', distributionDestination(resolved)='1', distributionMethod(resolved)='<IDEDistributionMethodiOSEnterprise: 0x7fc7ea9452f0>', team(resolved)='<IDEProvisioningDisambiguatableBasicTeam: 0x7fc801c12e60; teamID='P8HGHZL2K7', teamName='Medical College of Wisconsin', teamType='Enterprise', username='jdepons@yahoo.com', isFreeProvisioningTeam='0'>'>
	Chain (13, self inclusive):
	<IDEDistributionProcessingPipelineContext: 0x7fc7eb080790; archive = '<IDEArchive: 0x7fc7e84d1480>', distributionMethod='<IDEDistributionMethodiOSEnterprise: 0x7fc7ea9452f0>', team='<IDEProvisioningDisambiguatableBasicTeam: 0x7fc801c12e60; teamID='P8HGHZL2K7', teamName='Medical College of Wisconsin', teamType='Enterprise', username='jdepons@yahoo.com', isFreeProvisioningTeam='0'>'>
	<IDEDistributionProcessingPipelineContext: 0x7fc7eb4e3be0; archive = '<IDEArchive: 0x7fc7e84d1480>', distributionMethod='<IDEDistributionMethodiOSEnterprise: 0x7fc7ea9452f0>', team='<IDEProvisioningDisambiguatableBasicTeam: 0x7fc801c12e60; teamID='P8HGHZL2K7', teamName='Medical College of Wisconsin', teamType='Enterprise', username='jdepons@yahoo.com', isFreeProvisioningTeam='0'>'>
	<IDEDistributionContext: 0x7fc7eab43c60; archive = '<IDEArchive: 0x7fc7e84d1480>', distributionMethod='<IDEDistributionMethodiOSEnterprise: 0x7fc7ea9452f0>', team='<IDEProvisioningDisambiguatableBasicTeam: 0x7fc801c12e60; teamID='P8HGHZL2K7', teamName='Medical College of Wisconsin', teamType='Enterprise', username='jdepons@yahoo.com', isFreeProvisioningTeam='0'>'>
	<IDEDistributionContext: 0x7fc7eb486110; archive = '<IDEArchive: 0x7fc7e84d1480>', distributionMethod='<IDEDistributionMethodiOSEnterprise: 0x7fc7ea9452f0>', team='<IDEProvisioningDisambiguatableBasicTeam: 0x7fc801c12e60; teamID='P8HGHZL2K7', teamName='Medical College of Wisconsin', teamType='Enterprise', username='jdepons@yahoo.com', isFreeProvisioningTeam='0'>'>
	<IDEDistributionContext: 0x7fc7eb0a1ef0; archive = '<IDEArchive: 0x7fc7e84d1480>', distributionMethod='<IDEDistributionMethodiOSEnterprise: 0x7fc7ea9452f0>', team='<IDEProvisioningDisambiguatableBasicTeam: 0x7fc801c12e60; teamID='P8HGHZL2K7', teamName='Medical College of Wisconsin', teamType='Enterprise', username='jdepons@yahoo.com', isFreeProvisioningTeam='0'>'>
	<IDEDistributionContext: 0x7fc7eaeee400; archive = '<IDEArchive: 0x7fc7e84d1480>', distributionMethod='<IDEDistributionMethodiOSEnterprise: 0x7fc7ea9452f0>', team='<IDEProvisioningDisambiguatableBasicTeam: 0x7fc801c12e60; teamID='P8HGHZL2K7', teamName='Medical College of Wisconsin', teamType='Enterprise', username='jdepons@yahoo.com', isFreeProvisioningTeam='0'>'>
	<IDEDistributionContext: 0x7fc7eb148aa0; archive = '<IDEArchive: 0x7fc7e84d1480>', distributionMethod='<IDEDistributionMethodiOSEnterprise: 0x7fc7ea9452f0>', team='<IDEProvisioningDisambiguatableBasicTeam: 0x7fc801c12e60; teamID='P8HGHZL2K7', teamName='Medical College of Wisconsin', teamType='Enterprise', username='jdepons@yahoo.com', isFreeProvisioningTeam='0'>'>
	<IDEDistributionContext: 0x7fc7eb1017b0; archive = '<IDEArchive: 0x7fc7e84d1480>', distributionMethod='<IDEDistributionMethodiOSEnterprise: 0x7fc7ea9452f0>', team='<IDEProvisioningDisambiguatableBasicTeam: 0x7fc801c12e60; teamID='P8HGHZL2K7', teamName='Medical College of Wisconsin', teamType='Enterprise', username='jdepons@yahoo.com', isFreeProvisioningTeam='0'>'>
	<IDEDistributionContext: 0x7fc7ea5d6960; archive = '<IDEArchive: 0x7fc7e84d1480>', distributionMethod='<IDEDistributionMethodiOSEnterprise: 0x7fc7ea9452f0>', team='<IDEProvisioningDisambiguatableBasicTeam: 0x7fc801c12e60; teamID='P8HGHZL2K7', teamName='Medical College of Wisconsin', teamType='Enterprise', username='jdepons@yahoo.com', isFreeProvisioningTeam='0'>'>
	<IDEDistributionContext: 0x7fc7eb11a860; archive = '<IDEArchive: 0x7fc7e84d1480>', distributionMethod='<IDEDistributionMethodiOSEnterprise: 0x7fc7ea9452f0>', team='(null)'>
	<IDEDistributionContext: 0x7fc7eb309460; archive = '<IDEArchive: 0x7fc7e84d1480>', distributionMethod='<IDEDistributionMethodiOSEnterprise: 0x7fc7ea9452f0>', team='(null)'>
	<IDEDistributionContext: 0x7fc7eb323720; archive = '<IDEArchive: 0x7fc7e84d1480>', distributionMethod='<IDEDistributionMethodiOSEnterprise: 0x7fc7ea9452f0>', team='(null)'>
	<IDEDistributionContext: 0x7fc7eb193190; archive = '<IDEArchive: 0x7fc7e84d1480>', distributionMethod='(null)', team='(null)'>
</IDEDistributionProcessingPipelineContext: 0x7fc7eb080790>
2019-11-06 15:04:11 +0000  Processing step: IDEDistributionCreateDestRootStep
2019-11-06 15:04:11 +0000  Processing step: IDEDistributionCopyItemStep
2019-11-06 15:04:11 +0000  Running /usr/bin/ditto '-V' '/Users/jdepons/Library/Developer/Xcode/Archives/2019-11-06/SNAPStudyAud 11-6-19, 8.52 AM.xcarchive/Products/Applications/SNAPStudyAud.app' '/var/folders/ss/8rqr2hf156df551fmp0j_mm57532z0/T/XcodeDistPipeline.~~~0zvRrO/Root/Payload/SNAPStudyAud.app'
2019-11-06 15:04:11 +0000  >>> Copying /Users/jdepons/Library/Developer/Xcode/Archives/2019-11-06/SNAPStudyAud 11-6-19, 8.52 AM.xcarchive/Products/Applications/SNAPStudyAud.app 
2019-11-06 15:04:11 +0000  copying file ./_CodeSignature/CodeResources ... 
2019-11-06 15:04:11 +0000  24422 bytes for ./_CodeSignature/CodeResources
2019-11-06 15:04:11 +0000  copying file ./en.lproj/InfoPlist.strings ... 
2019-11-06 15:04:11 +0000  42 bytes for ./en.lproj/InfoPlist.strings
2019-11-06 15:04:11 +0000  copying file ./high low Take 1.wav ... 
2019-11-06 15:04:11 +0000  45156 bytes for ./high low Take 1.wav
2019-11-06 15:04:11 +0000  copying file ./SNAPStudyAud ... 
2019-11-06 15:04:11 +0000  886192 bytes for ./SNAPStudyAud
2019-11-06 15:04:11 +0000  copying file ./newcue_B.wav ... 
2019-11-06 15:04:11 +0000  8958 bytes for ./newcue_B.wav
2019-11-06 15:04:11 +0000  copying file ./low day Take 1.wav ... 
2019-11-06 15:04:11 +0000  44154 bytes for ./low day Take 1.wav
2019-11-06 15:04:11 +0000  copying file ./newcue_C.wav ... 
2019-11-06 15:04:11 +0000  8958 bytes for ./newcue_C.wav
2019-11-06 15:04:11 +0000  copying file ./low high Take 1.wav ... 
2019-11-06 15:04:11 +0000  45408 bytes for ./low high Take 1.wav
2019-11-06 15:04:11 +0000  copying file ./feecorr.wav ... 
2019-11-06 15:04:11 +0000  43872 bytes for ./feecorr.wav
2019-11-06 15:04:11 +0000  copying file ./AppIcon29x29~ipad.png ... 
2019-11-06 15:04:11 +0000  5183 bytes for ./AppIcon29x29~ipad.png
2019-11-06 15:04:11 +0000  copying file ./newcue_R.wav ... 
2019-11-06 15:04:11 +0000  8864 bytes for ./newcue_R.wav
2019-11-06 15:04:11 +0000  copying file ./snap_logo_big.png ... 
2019-11-06 15:04:11 +0000  541314 bytes for ./snap_logo_big.png
2019-11-06 15:04:11 +0000  copying file ./Base.lproj/Main.storyboardc/ZrB-f9-T88-view-rzQ-s4-qrF.nib/objects-13.0+.nib ... 
2019-11-06 15:04:11 +0000  3307 bytes for ./Base.lproj/Main.storyboardc/ZrB-f9-T88-view-rzQ-s4-qrF.nib/objects-13.0+.nib
2019-11-06 15:04:11 +0000  copying file ./Base.lproj/Main.storyboardc/ZrB-f9-T88-view-rzQ-s4-qrF.nib/runtime.nib ... 
2019-11-06 15:04:11 +0000  3307 bytes for ./Base.lproj/Main.storyboardc/ZrB-f9-T88-view-rzQ-s4-qrF.nib/runtime.nib
2019-11-06 15:04:11 +0000  copying file ./Base.lproj/Main.storyboardc/QMt-Nb-Qq0-view-208-dK-gKJ.nib/objects-13.0+.nib ... 
2019-11-06 15:04:11 +0000  16128 bytes for ./Base.lproj/Main.storyboardc/QMt-Nb-Qq0-view-208-dK-gKJ.nib/objects-13.0+.nib
2019-11-06 15:04:11 +0000  copying file ./Base.lproj/Main.storyboardc/QMt-Nb-Qq0-view-208-dK-gKJ.nib/runtime.nib ... 
2019-11-06 15:04:11 +0000  16125 bytes for ./Base.lproj/Main.storyboardc/QMt-Nb-Qq0-view-208-dK-gKJ.nib/runtime.nib
2019-11-06 15:04:11 +0000  copying file ./Base.lproj/Main.storyboardc/rUK-fN-5Cb-view-hC1-CD-EVt.nib/objects-13.0+.nib ... 
2019-11-06 15:04:11 +0000  3307 bytes for ./Base.lproj/Main.storyboardc/rUK-fN-5Cb-view-hC1-CD-EVt.nib/objects-13.0+.nib
2019-11-06 15:04:11 +0000  copying file ./Base.lproj/Main.storyboardc/rUK-fN-5Cb-view-hC1-CD-EVt.nib/runtime.nib ... 
2019-11-06 15:04:11 +0000  3307 bytes for ./Base.lproj/Main.storyboardc/rUK-fN-5Cb-view-hC1-CD-EVt.nib/runtime.nib
2019-11-06 15:04:11 +0000  copying file ./Base.lproj/Main.storyboardc/UITableViewController-ZrB-f9-T88.nib/objects-13.0+.nib ... 
2019-11-06 15:04:11 +0000  970 bytes for ./Base.lproj/Main.storyboardc/UITableViewController-ZrB-f9-T88.nib/objects-13.0+.nib
2019-11-06 15:04:11 +0000  copying file ./Base.lproj/Main.storyboardc/UITableViewController-ZrB-f9-T88.nib/runtime.nib ... 
2019-11-06 15:04:11 +0000  970 bytes for ./Base.lproj/Main.storyboardc/UITableViewController-ZrB-f9-T88.nib/runtime.nib
2019-11-06 15:04:11 +0000  copying file ./Base.lproj/Main.storyboardc/calibrationScreenViewControllerID.nib/objects-13.0+.nib ... 
2019-11-06 15:04:11 +0000  1516 bytes for ./Base.lproj/Main.storyboardc/calibrationScreenViewControllerID.nib/objects-13.0+.nib
2019-11-06 15:04:11 +0000  copying file ./Base.lproj/Main.storyboardc/calibrationScreenViewControllerID.nib/runtime.nib ... 
2019-11-06 15:04:11 +0000  1516 bytes for ./Base.lproj/Main.storyboardc/calibrationScreenViewControllerID.nib/runtime.nib
2019-11-06 15:04:11 +0000  copying file ./Base.lproj/Main.storyboardc/UIViewController-QMt-Nb-Qq0.nib/objects-13.0+.nib ... 
2019-11-06 15:04:11 +0000  1568 bytes for ./Base.lproj/Main.storyboardc/UIViewController-QMt-Nb-Qq0.nib/objects-13.0+.nib
2019-11-06 15:04:11 +0000  copying file ./Base.lproj/Main.storyboardc/UIViewController-QMt-Nb-Qq0.nib/runtime.nib ... 
2019-11-06 15:04:11 +0000  1568 bytes for ./Base.lproj/Main.storyboardc/UIViewController-QMt-Nb-Qq0.nib/runtime.nib
2019-11-06 15:04:11 +0000  copying file ./Base.lproj/Main.storyboardc/UIViewController-y2O-JD-i7h.nib/objects-13.0+.nib ... 
2019-11-06 15:04:11 +0000  1384 bytes for ./Base.lproj/Main.storyboardc/UIViewController-y2O-JD-i7h.nib/objects-13.0+.nib
2019-11-06 15:04:11 +0000  copying file ./Base.lproj/Main.storyboardc/UIViewController-y2O-JD-i7h.nib/runtime.nib ... 
2019-11-06 15:04:11 +0000  1384 bytes for ./Base.lproj/Main.storyboardc/UIViewController-y2O-JD-i7h.nib/runtime.nib
2019-11-06 15:04:11 +0000  copying file ./Base.lproj/Main.storyboardc/NgS-4y-GeO-view-ofd-z2-bqY.nib/objects-13.0+.nib ... 
2019-11-06 15:04:11 +0000  7254 bytes for ./Base.lproj/Main.storyboardc/NgS-4y-GeO-view-ofd-z2-bqY.nib/objects-13.0+.nib
2019-11-06 15:04:11 +0000  copying file ./Base.lproj/Main.storyboardc/NgS-4y-GeO-view-ofd-z2-bqY.nib/runtime.nib ... 
2019-11-06 15:04:11 +0000  7262 bytes for ./Base.lproj/Main.storyboardc/NgS-4y-GeO-view-ofd-z2-bqY.nib/runtime.nib
2019-11-06 15:04:11 +0000  copying file ./Base.lproj/Main.storyboardc/UIViewController-NgS-4y-GeO.nib/objects-13.0+.nib ... 
2019-11-06 15:04:11 +0000  1052 bytes for ./Base.lproj/Main.storyboardc/UIViewController-NgS-4y-GeO.nib/objects-13.0+.nib
2019-11-06 15:04:11 +0000  copying file ./Base.lproj/Main.storyboardc/UIViewController-NgS-4y-GeO.nib/runtime.nib ... 
2019-11-06 15:04:11 +0000  1052 bytes for ./Base.lproj/Main.storyboardc/UIViewController-NgS-4y-GeO.nib/runtime.nib
2019-11-06 15:04:11 +0000  copying file ./Base.lproj/Main.storyboardc/UITableViewController-rUK-fN-5Cb.nib/objects-13.0+.nib ... 
2019-11-06 15:04:11 +0000  970 bytes for ./Base.lproj/Main.storyboardc/UITableViewController-rUK-fN-5Cb.nib/objects-13.0+.nib
2019-11-06 15:04:11 +0000  copying file ./Base.lproj/Main.storyboardc/UITableViewController-rUK-fN-5Cb.nib/runtime.nib ... 
2019-11-06 15:04:11 +0000  970 bytes for ./Base.lproj/Main.storyboardc/UITableViewController-rUK-fN-5Cb.nib/runtime.nib
2019-11-06 15:04:11 +0000  copying file ./Base.lproj/Main.storyboardc/BYZ-38-t0r-view-8bC-Xf-vdC.nib/objects-13.0+.nib ... 
2019-11-06 15:04:11 +0000  8397 bytes for ./Base.lproj/Main.storyboardc/BYZ-38-t0r-view-8bC-Xf-vdC.nib/objects-13.0+.nib
2019-11-06 15:04:11 +0000  copying file ./Base.lproj/Main.storyboardc/BYZ-38-t0r-view-8bC-Xf-vdC.nib/runtime.nib ... 
2019-11-06 15:04:11 +0000  8377 bytes for ./Base.lproj/Main.storyboardc/BYZ-38-t0r-view-8bC-Xf-vdC.nib/runtime.nib
2019-11-06 15:04:11 +0000  copying file ./Base.lproj/Main.storyboardc/UINavigationController-cxf-qv-T1f.nib/objects-13.0+.nib ... 
2019-11-06 15:04:11 +0000  2330 bytes for ./Base.lproj/Main.storyboardc/UINavigationController-cxf-qv-T1f.nib/objects-13.0+.nib
2019-11-06 15:04:11 +0000  copying file ./Base.lproj/Main.storyboardc/UINavigationController-cxf-qv-T1f.nib/runtime.nib ... 
2019-11-06 15:04:11 +0000  2330 bytes for ./Base.lproj/Main.storyboardc/UINavigationController-cxf-qv-T1f.nib/runtime.nib
2019-11-06 15:04:11 +0000  copying file ./Base.lproj/Main.storyboardc/h6x-bA-xDR-view-a8X-Tw-3Sj.nib/objects-13.0+.nib ... 
2019-11-06 15:04:11 +0000  1834 bytes for ./Base.lproj/Main.storyboardc/h6x-bA-xDR-view-a8X-Tw-3Sj.nib/objects-13.0+.nib
2019-11-06 15:04:11 +0000  copying file ./Base.lproj/Main.storyboardc/h6x-bA-xDR-view-a8X-Tw-3Sj.nib/runtime.nib ... 
2019-11-06 15:04:11 +0000  1832 bytes for ./Base.lproj/Main.storyboardc/h6x-bA-xDR-view-a8X-Tw-3Sj.nib/runtime.nib
2019-11-06 15:04:11 +0000  copying file ./Base.lproj/Main.storyboardc/Info.plist ... 
2019-11-06 15:04:11 +0000  713 bytes for ./Base.lproj/Main.storyboardc/Info.plist
2019-11-06 15:04:11 +0000  copying file ./Base.lproj/Main.storyboardc/y2O-JD-i7h-view-56p-rZ-zeD.nib/objects-13.0+.nib ... 
2019-11-06 15:04:11 +0000  16747 bytes for ./Base.lproj/Main.storyboardc/y2O-JD-i7h-view-56p-rZ-zeD.nib/objects-13.0+.nib
2019-11-06 15:04:11 +0000  copying file ./Base.lproj/Main.storyboardc/y2O-JD-i7h-view-56p-rZ-zeD.nib/runtime.nib ... 
2019-11-06 15:04:11 +0000  16740 bytes for ./Base.lproj/Main.storyboardc/y2O-JD-i7h-view-56p-rZ-zeD.nib/runtime.nib
2019-11-06 15:04:11 +0000  copying file ./Assets.car ... 
2019-11-06 15:04:11 +0000  79064 bytes for ./Assets.car
2019-11-06 15:04:11 +0000  copying file ./AppIcon40x40@2x~ipad.png ... 
2019-11-06 15:04:11 +0000  12794 bytes for ./AppIcon40x40@2x~ipad.png
2019-11-06 15:04:11 +0000  copying file ./AppIcon76x76@2x~ipad.png ... 
2019-11-06 15:04:11 +0000  31241 bytes for ./AppIcon76x76@2x~ipad.png
2019-11-06 15:04:11 +0000  copying file ./silence.wav ... 
2019-11-06 15:04:11 +0000  60066 bytes for ./silence.wav
2019-11-06 15:04:11 +0000  copying file ./newcue_L.wav ... 
2019-11-06 15:04:11 +0000  8864 bytes for ./newcue_L.wav
2019-11-06 15:04:11 +0000  copying file ./high high Take 1.wav ... 
2019-11-06 15:04:11 +0000  45406 bytes for ./high high Take 1.wav
2019-11-06 15:04:11 +0000  copying file ./high day Take 1.wav ... 
2019-11-06 15:04:11 +0000  44182 bytes for ./high day Take 1.wav
2019-11-06 15:04:11 +0000  copying file ./low low Take 1.wav ... 
2019-11-06 15:04:11 +0000  44156 bytes for ./low low Take 1.wav
2019-11-06 15:04:11 +0000  copying file ./AppIcon29x29@2x~ipad.png ... 
2019-11-06 15:04:11 +0000  8678 bytes for ./AppIcon29x29@2x~ipad.png
2019-11-06 15:04:11 +0000  copying file ./AppIcon40x40~ipad.png ... 
2019-11-06 15:04:11 +0000  6424 bytes for ./AppIcon40x40~ipad.png
2019-11-06 15:04:11 +0000  copying file ./fix5e.wav ... 
2019-11-06 15:04:11 +0000  529266 bytes for ./fix5e.wav
2019-11-06 15:04:11 +0000  copying file ./Frameworks/OneDriveSDK.framework/_CodeSignature/CodeResources ... 
2019-11-06 15:04:11 +0000  3994 bytes for ./Frameworks/OneDriveSDK.framework/_CodeSignature/CodeResources
2019-11-06 15:04:11 +0000  copying file ./Frameworks/OneDriveSDK.framework/OneDriveSDK ... 
2019-11-06 15:04:11 +0000  1963056 bytes for ./Frameworks/OneDriveSDK.framework/OneDriveSDK
2019-11-06 15:04:11 +0000  copying file ./Frameworks/OneDriveSDK.framework/ADAL_iPad_Storyboard.storyboardc/LogonNavigator.nib ... 
2019-11-06 15:04:11 +0000  2037 bytes for ./Frameworks/OneDriveSDK.framework/ADAL_iPad_Storyboard.storyboardc/LogonNavigator.nib
2019-11-06 15:04:11 +0000  copying file ./Frameworks/OneDriveSDK.framework/ADAL_iPad_Storyboard.storyboardc/Info.plist ... 
2019-11-06 15:04:11 +0000  197 bytes for ./Frameworks/OneDriveSDK.framework/ADAL_iPad_Storyboard.storyboardc/Info.plist
2019-11-06 15:04:11 +0000  copying file ./Frameworks/OneDriveSDK.framework/ADAL_iPad_Storyboard.storyboardc/leH-LM-mXg-view-nBc-go-Asd.nib ... 
2019-11-06 15:04:11 +0000  1538 bytes for ./Frameworks/OneDriveSDK.framework/ADAL_iPad_Storyboard.storyboardc/leH-LM-mXg-view-nBc-go-Asd.nib
2019-11-06 15:04:11 +0000  copying file ./Frameworks/OneDriveSDK.framework/Info.plist ... 
2019-11-06 15:04:11 +0000  750 bytes for ./Frameworks/OneDriveSDK.framework/Info.plist
2019-11-06 15:04:11 +0000  copying file ./Frameworks/OneDriveSDK.framework/ADAL_iPhone_Storyboard.storyboardc/LogonNavigator.nib ... 
2019-11-06 15:04:11 +0000  1965 bytes for ./Frameworks/OneDriveSDK.framework/ADAL_iPhone_Storyboard.storyboardc/LogonNavigator.nib
2019-11-06 15:04:11 +0000  copying file ./Frameworks/OneDriveSDK.framework/ADAL_iPhone_Storyboard.storyboardc/GcB-iz-KCM-view-UxT-im-uCY.nib ... 
2019-11-06 15:04:11 +0000  1538 bytes for ./Frameworks/OneDriveSDK.framework/ADAL_iPhone_Storyboard.storyboardc/GcB-iz-KCM-view-UxT-im-uCY.nib
2019-11-06 15:04:11 +0000  copying file ./Frameworks/OneDriveSDK.framework/ADAL_iPhone_Storyboard.storyboardc/Info.plist ... 
2019-11-06 15:04:11 +0000  197 bytes for ./Frameworks/OneDriveSDK.framework/ADAL_iPhone_Storyboard.storyboardc/Info.plist
2019-11-06 15:04:11 +0000  copying file ./embedded.mobileprovision ... 
2019-11-06 15:04:11 +0000  9135 bytes for ./embedded.mobileprovision
2019-11-06 15:04:11 +0000  copying file ./Info.plist ... 
2019-11-06 15:04:11 +0000  1612 bytes for ./Info.plist
2019-11-06 15:04:11 +0000  copying file ./feeerr.wav ... 
2019-11-06 15:04:11 +0000  12340 bytes for ./feeerr.wav
2019-11-06 15:04:11 +0000  copying file ./PkgInfo ... 
2019-11-06 15:04:11 +0000  8 bytes for ./PkgInfo
2019-11-06 15:04:11 +0000  copying file ./AppIcon76x76~ipad.png ... 
2019-11-06 15:04:11 +0000  12965 bytes for ./AppIcon76x76~ipad.png
2019-11-06 15:04:11 +0000  /usr/bin/ditto exited with 0
2019-11-06 15:04:11 +0000  Processing step: IDEDistributionEmbedProfileStep
2019-11-06 15:04:11 +0000  Skipping profile for item: <IDEDistributionItem: 0x7fc7eafe5c00; bundleID='com.Microsoft.OneDrive.OneDriveSDK', path='<DVTFilePath:0x7fc7eb6017d0:'/Users/jdepons/Library/Developer/Xcode/Archives/2019-11-06/SNAPStudyAud 11-6-19, 8.52 AM.xcarchive/Products/Applications/SNAPStudyAud.app/Frameworks/OneDriveSDK.framework'>', codeSigningInfo='<_DVTCodeSigningInformation_Path: 0x7fc803558cf0; isSigned='1', isAdHocSigned='0', signingCertificate='<DVTSigningCertificate: 0x7fc7ea8e12b0; name='Apple Development: Jeff DePons (PN77N8HV99)', hash='235CFCF56FDB50AC0E73A06FDA8B98E977B6B777', serialNumber='C4C29B8C9B83AE5', certificateKinds='(
    "1.2.840.113635.100.6.1.12",
    "1.2.840.113635.100.6.1.2"
), issueDate='2019-10-30 20:56:34 +0000''>', entitlements='(null)', teamID='P8HGHZL2K7', identifier='com.Microsoft.OneDrive.OneDriveSDK', executablePath='<DVTFilePath:0x7fc7eac02030:'/Users/jdepons/Library/Developer/Xcode/Archives/2019-11-06/SNAPStudyAud 11-6-19, 8.52 AM.xcarchive/Products/Applications/SNAPStudyAud.app/Frameworks/OneDriveSDK.framework/OneDriveSDK'>', hardenedRuntime='0'>'>
2019-11-06 15:04:11 +0000  Processing step: IDEDistributionAppThinningPlistStep
2019-11-06 15:04:11 +0000  Skipping step: IDEDistributionAppThinningPlistStep because it said so
2019-11-06 15:04:11 +0000  Processing step: IDEDistributionCompileBitcodeStep
2019-11-06 15:04:11 +0000  Skipping step: IDEDistributionCompileBitcodeStep because it said so
2019-11-06 15:04:11 +0000  Processing step: IDEDistributionCodeSlimmingStep
2019-11-06 15:04:11 +0000  Processing step: IDEDistributionCopyBCSymbolMapsStep
2019-11-06 15:04:11 +0000  Skipping step: IDEDistributionCopyBCSymbolMapsStep because it said so
2019-11-06 15:04:11 +0000  Skipping step: IDEDistributionCopyBCSymbolMapsStep because it said so
2019-11-06 15:04:11 +0000  Processing step: IDEDistributionSymbolsStep
2019-11-06 15:04:11 +0000  Skipping step: IDEDistributionSymbolsStep because it said so
2019-11-06 15:04:11 +0000  Skipping step: IDEDistributionSymbolsStep because it said so
2019-11-06 15:04:11 +0000  Processing step: IDEDistributionAppThinningStep
2019-11-06 15:04:11 +0000  Skipping step: IDEDistributionAppThinningStep because it said so
2019-11-06 15:04:11 +0000  Processing step: IDEDistributionArchThinningStep
2019-11-06 15:04:11 +0000  Running /Applications/Xcode.app/Contents/Developer/Toolchains/XcodeDefault.xctoolchain/usr/bin/lipo '/var/folders/ss/8rqr2hf156df551fmp0j_mm57532z0/T/XcodeDistPipeline.~~~0zvRrO/Root/Payload/SNAPStudyAud.app/Frameworks/OneDriveSDK.framework/OneDriveSDK' '-verify_arch' 'arm64e'
2019-11-06 15:04:11 +0000  /Applications/Xcode.app/Contents/Developer/Toolchains/XcodeDefault.xctoolchain/usr/bin/lipo exited with 1
2019-11-06 15:04:11 +0000  Skipping architecture thinning for item "OneDriveSDK" because arch "arm64e" wasn't found
2019-11-06 15:04:11 +0000  Running /Applications/Xcode.app/Contents/Developer/Toolchains/XcodeDefault.xctoolchain/usr/bin/lipo '/var/folders/ss/8rqr2hf156df551fmp0j_mm57532z0/T/XcodeDistPipeline.~~~0zvRrO/Root/Payload/SNAPStudyAud.app/SNAPStudyAud' '-verify_arch' 'arm64e'
2019-11-06 15:04:11 +0000  /Applications/Xcode.app/Contents/Developer/Toolchains/XcodeDefault.xctoolchain/usr/bin/lipo exited with 1
2019-11-06 15:04:11 +0000  Skipping architecture thinning for item "SNAPStudyAud" because arch "arm64e" wasn't found
2019-11-06 15:04:11 +0000  Processing step: IDEDistributionODRStep
2019-11-06 15:04:11 +0000  Processing step: IDEDistributionStripXattrsStep
2019-11-06 15:04:11 +0000  Skipping stripping extended attributes of item: <IDEDistributionItem: 0x7fc7eafe5c00; bundleID='com.Microsoft.OneDrive.OneDriveSDK', path='<DVTFilePath:0x7fc7eb6017d0:'/Users/jdepons/Library/Developer/Xcode/Archives/2019-11-06/SNAPStudyAud 11-6-19, 8.52 AM.xcarchive/Products/Applications/SNAPStudyAud.app/Frameworks/OneDriveSDK.framework'>', codeSigningInfo='<_DVTCodeSigningInformation_Path: 0x7fc803558cf0; isSigned='1', isAdHocSigned='0', signingCertificate='<DVTSigningCertificate: 0x7fc7eb58c020; name='Apple Development: Jeff DePons (PN77N8HV99)', hash='235CFCF56FDB50AC0E73A06FDA8B98E977B6B777', serialNumber='C4C29B8C9B83AE5', certificateKinds='(
    "1.2.840.113635.100.6.1.12",
    "1.2.840.113635.100.6.1.2"
), issueDate='2019-10-30 20:56:34 +0000''>', entitlements='(null)', teamID='P8HGHZL2K7', identifier='com.Microsoft.OneDrive.OneDriveSDK', executablePath='<DVTFilePath:0x7fc7eac02030:'/Users/jdepons/Library/Developer/Xcode/Archives/2019-11-06/SNAPStudyAud 11-6-19, 8.52 AM.xcarchive/Products/Applications/SNAPStudyAud.app/Frameworks/OneDriveSDK.framework/OneDriveSDK'>', hardenedRuntime='0'>'>
2019-11-06 15:04:11 +0000  Running /usr/bin/xattr '-crs' '/var/folders/ss/8rqr2hf156df551fmp0j_mm57532z0/T/XcodeDistPipeline.~~~0zvRrO/Root/Payload/SNAPStudyAud.app'
2019-11-06 15:04:11 +0000  /usr/bin/xattr exited with 0
2019-11-06 15:04:11 +0000  Processing step: IDEDistributionCodesignStep
2019-11-06 15:04:11 +0000  Entitlements for <IDEDistributionItem: 0x7fc7eafe5c00; bundleID='com.Microsoft.OneDrive.OneDriveSDK', path='<DVTFilePath:0x7fc7eb6017d0:'/Users/jdepons/Library/Developer/Xcode/Archives/2019-11-06/SNAPStudyAud 11-6-19, 8.52 AM.xcarchive/Products/Applications/SNAPStudyAud.app/Frameworks/OneDriveSDK.framework'>', codeSigningInfo='<_DVTCodeSigningInformation_Path: 0x7fc803558cf0; isSigned='1', isAdHocSigned='0', signingCertificate='<DVTSigningCertificate: 0x7fc7eb003e80; name='Apple Development: Jeff DePons (PN77N8HV99)', hash='235CFCF56FDB50AC0E73A06FDA8B98E977B6B777', serialNumber='C4C29B8C9B83AE5', certificateKinds='(
    "1.2.840.113635.100.6.1.12",
    "1.2.840.113635.100.6.1.2"
), issueDate='2019-10-30 20:56:34 +0000''>', entitlements='(null)', teamID='P8HGHZL2K7', identifier='com.Microsoft.OneDrive.OneDriveSDK', executablePath='<DVTFilePath:0x7fc7eac02030:'/Users/jdepons/Library/Developer/Xcode/Archives/2019-11-06/SNAPStudyAud 11-6-19, 8.52 AM.xcarchive/Products/Applications/SNAPStudyAud.app/Frameworks/OneDriveSDK.framework/OneDriveSDK'>', hardenedRuntime='0'>'>: {
}
2019-11-06 15:04:11 +0000  Writing entitlements for <IDEDistributionItem: 0x7fc7eafe5c00; bundleID='com.Microsoft.OneDrive.OneDriveSDK', path='<DVTFilePath:0x7fc7eb6017d0:'/Users/jdepons/Library/Developer/Xcode/Archives/2019-11-06/SNAPStudyAud 11-6-19, 8.52 AM.xcarchive/Products/Applications/SNAPStudyAud.app/Frameworks/OneDriveSDK.framework'>', codeSigningInfo='<_DVTCodeSigningInformation_Path: 0x7fc803558cf0; isSigned='1', isAdHocSigned='0', signingCertificate='<DVTSigningCertificate: 0x7fc7eb0381a0; name='Apple Development: Jeff DePons (PN77N8HV99)', hash='235CFCF56FDB50AC0E73A06FDA8B98E977B6B777', serialNumber='C4C29B8C9B83AE5', certificateKinds='(
    "1.2.840.113635.100.6.1.12",
    "1.2.840.113635.100.6.1.2"
), issueDate='2019-10-30 20:56:34 +0000''>', entitlements='(null)', teamID='P8HGHZL2K7', identifier='com.Microsoft.OneDrive.OneDriveSDK', executablePath='<DVTFilePath:0x7fc7eac02030:'/Users/jdepons/Library/Developer/Xcode/Archives/2019-11-06/SNAPStudyAud 11-6-19, 8.52 AM.xcarchive/Products/Applications/SNAPStudyAud.app/Frameworks/OneDriveSDK.framework/OneDriveSDK'>', hardenedRuntime='0'>'> to: /var/folders/ss/8rqr2hf156df551fmp0j_mm57532z0/T/XcodeDistPipeline.~~~0zvRrO/entitlements~~~JYc9Vl
2019-11-06 15:04:11 +0000  Running /usr/bin/codesign '-vvv' '--force' '--sign' '786909CF3FD356592B872B7D749224DB4DD0FFE4' '--entitlements' '/var/folders/ss/8rqr2hf156df551fmp0j_mm57532z0/T/XcodeDistPipeline.~~~0zvRrO/entitlements~~~JYc9Vl' '--preserve-metadata=identifier,flags,runtime' '/var/folders/ss/8rqr2hf156df551fmp0j_mm57532z0/T/XcodeDistPipeline.~~~0zvRrO/Root/Payload/SNAPStudyAud.app/Frameworks/OneDriveSDK.framework'
2019-11-06 15:04:11 +0000  /var/folders/ss/8rqr2hf156df551fmp0j_mm57532z0/T/XcodeDistPipeline.~~~0zvRrO/Root/Payload/SNAPStudyAud.app/Frameworks/OneDriveSDK.framework: replacing existing signature
2019-11-06 15:04:16 +0000  /var/folders/ss/8rqr2hf156df551fmp0j_mm57532z0/T/XcodeDistPipeline.~~~0zvRrO/Root/Payload/SNAPStudyAud.app/Frameworks/OneDriveSDK.framework: signed bundle with Mach-O universal (armv7 arm64) [com.Microsoft.OneDrive.OneDriveSDK]
2019-11-06 15:04:16 +0000  /usr/bin/codesign exited with 0
2019-11-06 15:04:16 +0000  Entitlements for <IDEDistributionItem: 0x7fc7ea18ecf0; bundleID='com.mcw.bme.SNAPStudyAud', path='<DVTFilePath:0x7fc7e6e36da0:'/Users/jdepons/Library/Developer/Xcode/Archives/2019-11-06/SNAPStudyAud 11-6-19, 8.52 AM.xcarchive/Products/Applications/SNAPStudyAud.app'>', codeSigningInfo='<_DVTCodeSigningInformation_Path: 0x7fc7ea673e90; isSigned='1', isAdHocSigned='0', signingCertificate='<DVTSigningCertificate: 0x7fc7eb3cb650; name='Apple Development: Jeff DePons (PN77N8HV99)', hash='235CFCF56FDB50AC0E73A06FDA8B98E977B6B777', serialNumber='C4C29B8C9B83AE5', certificateKinds='(
    "1.2.840.113635.100.6.1.12",
    "1.2.840.113635.100.6.1.2"
), issueDate='2019-10-30 20:56:34 +0000''>', entitlements='{
    "application-identifier" = "P8HGHZL2K7.com.mcw.bme.SNAPStudyAud";
    "com.apple.developer.team-identifier" = P8HGHZL2K7;
    "get-task-allow" = 1;
    "keychain-access-groups" =     (
        "P8HGHZL2K7.com.faucetendeavors.SNAPStudyAud",
        "P8HGHZL2K7.com.microsoft.adalcache"
    );
}', teamID='P8HGHZL2K7', identifier='com.mcw.bme.SNAPStudyAud', executablePath='<DVTFilePath:0x7fc7e87f2740:'/Users/jdepons/Library/Developer/Xcode/Archives/2019-11-06/SNAPStudyAud 11-6-19, 8.52 AM.xcarchive/Products/Applications/SNAPStudyAud.app/SNAPStudyAud'>', hardenedRuntime='0'>'>: {
    "application-identifier" = "P8HGHZL2K7.com.mcw.bme.SNAPStudyAud";
    "com.apple.developer.team-identifier" = P8HGHZL2K7;
    "get-task-allow" = 0;
    "keychain-access-groups" =     (
        "P8HGHZL2K7.com.faucetendeavors.SNAPStudyAud",
        "P8HGHZL2K7.com.microsoft.adalcache"
    );
}
2019-11-06 15:04:16 +0000  Writing entitlements for <IDEDistributionItem: 0x7fc7ea18ecf0; bundleID='com.mcw.bme.SNAPStudyAud', path='<DVTFilePath:0x7fc7e6e36da0:'/Users/jdepons/Library/Developer/Xcode/Archives/2019-11-06/SNAPStudyAud 11-6-19, 8.52 AM.xcarchive/Products/Applications/SNAPStudyAud.app'>', codeSigningInfo='<_DVTCodeSigningInformation_Path: 0x7fc7ea673e90; isSigned='1', isAdHocSigned='0', signingCertificate='<DVTSigningCertificate: 0x7fc7eb1f8f70; name='Apple Development: Jeff DePons (PN77N8HV99)', hash='235CFCF56FDB50AC0E73A06FDA8B98E977B6B777', serialNumber='C4C29B8C9B83AE5', certificateKinds='(
    "1.2.840.113635.100.6.1.12",
    "1.2.840.113635.100.6.1.2"
), issueDate='2019-10-30 20:56:34 +0000''>', entitlements='{
    "application-identifier" = "P8HGHZL2K7.com.mcw.bme.SNAPStudyAud";
    "com.apple.developer.team-identifier" = P8HGHZL2K7;
    "get-task-allow" = 1;
    "keychain-access-groups" =     (
        "P8HGHZL2K7.com.faucetendeavors.SNAPStudyAud",
        "P8HGHZL2K7.com.microsoft.adalcache"
    );
}', teamID='P8HGHZL2K7', identifier='com.mcw.bme.SNAPStudyAud', executablePath='<DVTFilePath:0x7fc7e87f2740:'/Users/jdepons/Library/Developer/Xcode/Archives/2019-11-06/SNAPStudyAud 11-6-19, 8.52 AM.xcarchive/Products/Applications/SNAPStudyAud.app/SNAPStudyAud'>', hardenedRuntime='0'>'> to: /var/folders/ss/8rqr2hf156df551fmp0j_mm57532z0/T/XcodeDistPipeline.~~~0zvRrO/entitlements~~~ZumZYt
2019-11-06 15:04:16 +0000  Running /usr/bin/codesign '-vvv' '--force' '--sign' '786909CF3FD356592B872B7D749224DB4DD0FFE4' '--entitlements' '/var/folders/ss/8rqr2hf156df551fmp0j_mm57532z0/T/XcodeDistPipeline.~~~0zvRrO/entitlements~~~ZumZYt' '--preserve-metadata=identifier,flags,runtime' '/var/folders/ss/8rqr2hf156df551fmp0j_mm57532z0/T/XcodeDistPipeline.~~~0zvRrO/Root/Payload/SNAPStudyAud.app'
2019-11-06 15:04:16 +0000  /var/folders/ss/8rqr2hf156df551fmp0j_mm57532z0/T/XcodeDistPipeline.~~~0zvRrO/Root/Payload/SNAPStudyAud.app: replacing existing signature
2019-11-06 15:04:21 +0000  /var/folders/ss/8rqr2hf156df551fmp0j_mm57532z0/T/XcodeDistPipeline.~~~0zvRrO/Root/Payload/SNAPStudyAud.app: signed app bundle with Mach-O universal (armv7 arm64) [com.mcw.bme.SNAPStudyAud]
2019-11-06 15:04:21 +0000  /usr/bin/codesign exited with 0
2019-11-06 15:04:21 +0000  Processing step: IDEDistributionZipODRItemStep
2019-11-06 15:04:21 +0000  Skipping step: IDEDistributionZipODRItemStep because it said so
2019-11-06 15:04:21 +0000  Skipping step: IDEDistributionZipODRItemStep because it said so
2019-11-06 15:04:21 +0000  Processing step: IDEDistributionCreateIPAStep
2019-11-06 15:04:21 +0000  Running /usr/bin/ditto '-V' '-c' '-k' '--norsrc' '/var/folders/ss/8rqr2hf156df551fmp0j_mm57532z0/T/XcodeDistPipeline.~~~0zvRrO/Root' '/var/folders/ss/8rqr2hf156df551fmp0j_mm57532z0/T/XcodeDistPipeline.~~~0zvRrO/Packages/SNAPStudyAud.ipa'
2019-11-06 15:04:21 +0000  >>> Copying /var/folders/ss/8rqr2hf156df551fmp0j_mm57532z0/T/XcodeDistPipeline.~~~0zvRrO/Root 
2019-11-06 15:04:21 +0000  copying file ./Payload/SNAPStudyAud.app/_CodeSignature/CodeResources ... 
2019-11-06 15:04:21 +0000  24422 bytes for ./Payload/SNAPStudyAud.app/_CodeSignature/CodeResources
2019-11-06 15:04:21 +0000  copying file ./Payload/SNAPStudyAud.app/en.lproj/InfoPlist.strings ... 
2019-11-06 15:04:21 +0000  42 bytes for ./Payload/SNAPStudyAud.app/en.lproj/InfoPlist.strings
2019-11-06 15:04:21 +0000  copying file ./Payload/SNAPStudyAud.app/high low Take 1.wav ... 
2019-11-06 15:04:21 +0000  45156 bytes for ./Payload/SNAPStudyAud.app/high low Take 1.wav
copying file ./Payload/SNAPStudyAud.app/SNAPStudyAud ... 
2019-11-06 15:04:21 +0000  886208 bytes for ./Payload/SNAPStudyAud.app/SNAPStudyAud
2019-11-06 15:04:21 +0000  copying file ./Payload/SNAPStudyAud.app/newcue_B.wav ... 
2019-11-06 15:04:21 +0000  8958 bytes for ./Payload/SNAPStudyAud.app/newcue_B.wav
copying file ./Payload/SNAPStudyAud.app/low day Take 1.wav ... 
2019-11-06 15:04:21 +0000  44154 bytes for ./Payload/SNAPStudyAud.app/low day Take 1.wav
copying file ./Payload/SNAPStudyAud.app/newcue_C.wav ... 
2019-11-06 15:04:21 +0000  8958 bytes for ./Payload/SNAPStudyAud.app/newcue_C.wav
copying file ./Payload/SNAPStudyAud.app/low high Take 1.wav ... 
2019-11-06 15:04:21 +0000  45408 bytes for ./Payload/SNAPStudyAud.app/low high Take 1.wav
copying file ./Payload/SNAPStudyAud.app/feecorr.wav ... 
2019-11-06 15:04:21 +0000  43872 bytes for ./Payload/SNAPStudyAud.app/feecorr.wav
copying file ./Payload/SNAPStudyAud.app/AppIcon29x29~ipad.png ... 
2019-11-06 15:04:21 +0000  5183 bytes for ./Payload/SNAPStudyAud.app/AppIcon29x29~ipad.png
2019-11-06 15:04:21 +0000  copying file ./Payload/SNAPStudyAud.app/newcue_R.wav ... 
2019-11-06 15:04:21 +0000  8864 bytes for ./Payload/SNAPStudyAud.app/newcue_R.wav
copying file ./Payload/SNAPStudyAud.app/snap_logo_big.png ... 
2019-11-06 15:04:21 +0000  541314 bytes for ./Payload/SNAPStudyAud.app/snap_logo_big.png
2019-11-06 15:04:21 +0000  copying file ./Payload/SNAPStudyAud.app/Base.lproj/Main.storyboardc/ZrB-f9-T88-view-rzQ-s4-qrF.nib/objects-13.0+.nib ... 
2019-11-06 15:04:21 +0000  3307 bytes for ./Payload/SNAPStudyAud.app/Base.lproj/Main.storyboardc/ZrB-f9-T88-view-rzQ-s4-qrF.nib/objects-13.0+.nib
copying file ./Payload/SNAPStudyAud.app/Base.lproj/Main.storyboardc/ZrB-f9-T88-view-rzQ-s4-qrF.nib/runtime.nib ... 
2019-11-06 15:04:21 +0000  3307 bytes for ./Payload/SNAPStudyAud.app/Base.lproj/Main.storyboardc/ZrB-f9-T88-view-rzQ-s4-qrF.nib/runtime.nib
2019-11-06 15:04:21 +0000  copying file ./Payload/SNAPStudyAud.app/Base.lproj/Main.storyboardc/QMt-Nb-Qq0-view-208-dK-gKJ.nib/objects-13.0+.nib ... 
2019-11-06 15:04:21 +0000  16128 bytes for ./Payload/SNAPStudyAud.app/Base.lproj/Main.storyboardc/QMt-Nb-Qq0-view-208-dK-gKJ.nib/objects-13.0+.nib
copying file ./Payload/SNAPStudyAud.app/Base.lproj/Main.storyboardc/QMt-Nb-Qq0-view-208-dK-gKJ.nib/runtime.nib ... 
2019-11-06 15:04:21 +0000  16125 bytes for ./Payload/SNAPStudyAud.app/Base.lproj/Main.storyboardc/QMt-Nb-Qq0-view-208-dK-gKJ.nib/runtime.nib
2019-11-06 15:04:21 +0000  copying file ./Payload/SNAPStudyAud.app/Base.lproj/Main.storyboardc/rUK-fN-5Cb-view-hC1-CD-EVt.nib/objects-13.0+.nib ... 
2019-11-06 15:04:21 +0000  3307 bytes for ./Payload/SNAPStudyAud.app/Base.lproj/Main.storyboardc/rUK-fN-5Cb-view-hC1-CD-EVt.nib/objects-13.0+.nib
copying file ./Payload/SNAPStudyAud.app/Base.lproj/Main.storyboardc/rUK-fN-5Cb-view-hC1-CD-EVt.nib/runtime.nib ... 
2019-11-06 15:04:21 +0000  3307 bytes for ./Payload/SNAPStudyAud.app/Base.lproj/Main.storyboardc/rUK-fN-5Cb-view-hC1-CD-EVt.nib/runtime.nib
2019-11-06 15:04:21 +0000  copying file ./Payload/SNAPStudyAud.app/Base.lproj/Main.storyboardc/UITableViewController-ZrB-f9-T88.nib/objects-13.0+.nib ... 
2019-11-06 15:04:21 +0000  970 bytes for ./Payload/SNAPStudyAud.app/Base.lproj/Main.storyboardc/UITableViewController-ZrB-f9-T88.nib/objects-13.0+.nib
copying file ./Payload/SNAPStudyAud.app/Base.lproj/Main.storyboardc/UITableViewController-ZrB-f9-T88.nib/runtime.nib ... 
2019-11-06 15:04:21 +0000  970 bytes for ./Payload/SNAPStudyAud.app/Base.lproj/Main.storyboardc/UITableViewController-ZrB-f9-T88.nib/runtime.nib
2019-11-06 15:04:21 +0000  copying file ./Payload/SNAPStudyAud.app/Base.lproj/Main.storyboardc/calibrationScreenViewControllerID.nib/objects-13.0+.nib ... 
2019-11-06 15:04:21 +0000  1516 bytes for ./Payload/SNAPStudyAud.app/Base.lproj/Main.storyboardc/calibrationScreenViewControllerID.nib/objects-13.0+.nib
copying file ./Payload/SNAPStudyAud.app/Base.lproj/Main.storyboardc/calibrationScreenViewControllerID.nib/runtime.nib ... 
2019-11-06 15:04:21 +0000  1516 bytes for ./Payload/SNAPStudyAud.app/Base.lproj/Main.storyboardc/calibrationScreenViewControllerID.nib/runtime.nib
2019-11-06 15:04:21 +0000  copying file ./Payload/SNAPStudyAud.app/Base.lproj/Main.storyboardc/UIViewController-QMt-Nb-Qq0.nib/objects-13.0+.nib ... 
2019-11-06 15:04:21 +0000  1568 bytes for ./Payload/SNAPStudyAud.app/Base.lproj/Main.storyboardc/UIViewController-QMt-Nb-Qq0.nib/objects-13.0+.nib
2019-11-06 15:04:21 +0000  copying file ./Payload/SNAPStudyAud.app/Base.lproj/Main.storyboardc/UIViewController-QMt-Nb-Qq0.nib/runtime.nib ... 
2019-11-06 15:04:21 +0000  1568 bytes for ./Payload/SNAPStudyAud.app/Base.lproj/Main.storyboardc/UIViewController-QMt-Nb-Qq0.nib/runtime.nib
2019-11-06 15:04:21 +0000  copying file ./Payload/SNAPStudyAud.app/Base.lproj/Main.storyboardc/UIViewController-y2O-JD-i7h.nib/objects-13.0+.nib ... 
2019-11-06 15:04:21 +0000  1384 bytes for ./Payload/SNAPStudyAud.app/Base.lproj/Main.storyboardc/UIViewController-y2O-JD-i7h.nib/objects-13.0+.nib
copying file ./Payload/SNAPStudyAud.app/Base.lproj/Main.storyboardc/UIViewController-y2O-JD-i7h.nib/runtime.nib ... 
2019-11-06 15:04:21 +0000  1384 bytes for ./Payload/SNAPStudyAud.app/Base.lproj/Main.storyboardc/UIViewController-y2O-JD-i7h.nib/runtime.nib
2019-11-06 15:04:21 +0000  copying file ./Payload/SNAPStudyAud.app/Base.lproj/Main.storyboardc/NgS-4y-GeO-view-ofd-z2-bqY.nib/objects-13.0+.nib ... 
2019-11-06 15:04:21 +0000  7254 bytes for ./Payload/SNAPStudyAud.app/Base.lproj/Main.storyboardc/NgS-4y-GeO-view-ofd-z2-bqY.nib/objects-13.0+.nib
copying file ./Payload/SNAPStudyAud.app/Base.lproj/Main.storyboardc/NgS-4y-GeO-view-ofd-z2-bqY.nib/runtime.nib ... 
2019-11-06 15:04:21 +0000  7262 bytes for ./Payload/SNAPStudyAud.app/Base.lproj/Main.storyboardc/NgS-4y-GeO-view-ofd-z2-bqY.nib/runtime.nib
2019-11-06 15:04:21 +0000  copying file ./Payload/SNAPStudyAud.app/Base.lproj/Main.storyboardc/UIViewController-NgS-4y-GeO.nib/objects-13.0+.nib ... 
2019-11-06 15:04:21 +0000  1052 bytes for ./Payload/SNAPStudyAud.app/Base.lproj/Main.storyboardc/UIViewController-NgS-4y-GeO.nib/objects-13.0+.nib
2019-11-06 15:04:21 +0000  copying file ./Payload/SNAPStudyAud.app/Base.lproj/Main.storyboardc/UIViewController-NgS-4y-GeO.nib/runtime.nib ... 
2019-11-06 15:04:21 +0000  1052 bytes for ./Payload/SNAPStudyAud.app/Base.lproj/Main.storyboardc/UIViewController-NgS-4y-GeO.nib/runtime.nib
2019-11-06 15:04:21 +0000  copying file ./Payload/SNAPStudyAud.app/Base.lproj/Main.storyboardc/UITableViewController-rUK-fN-5Cb.nib/objects-13.0+.nib ... 
2019-11-06 15:04:21 +0000  970 bytes for ./Payload/SNAPStudyAud.app/Base.lproj/Main.storyboardc/UITableViewController-rUK-fN-5Cb.nib/objects-13.0+.nib
2019-11-06 15:04:21 +0000  copying file ./Payload/SNAPStudyAud.app/Base.lproj/Main.storyboardc/UITableViewController-rUK-fN-5Cb.nib/runtime.nib ... 
2019-11-06 15:04:21 +0000  970 bytes for ./Payload/SNAPStudyAud.app/Base.lproj/Main.storyboardc/UITableViewController-rUK-fN-5Cb.nib/runtime.nib
2019-11-06 15:04:21 +0000  copying file ./Payload/SNAPStudyAud.app/Base.lproj/Main.storyboardc/BYZ-38-t0r-view-8bC-Xf-vdC.nib/objects-13.0+.nib ... 
2019-11-06 15:04:21 +0000  8397 bytes for ./Payload/SNAPStudyAud.app/Base.lproj/Main.storyboardc/BYZ-38-t0r-view-8bC-Xf-vdC.nib/objects-13.0+.nib
2019-11-06 15:04:21 +0000  copying file ./Payload/SNAPStudyAud.app/Base.lproj/Main.storyboardc/BYZ-38-t0r-view-8bC-Xf-vdC.nib/runtime.nib ... 
2019-11-06 15:04:21 +0000  8377 bytes for ./Payload/SNAPStudyAud.app/Base.lproj/Main.storyboardc/BYZ-38-t0r-view-8bC-Xf-vdC.nib/runtime.nib
2019-11-06 15:04:21 +0000  copying file ./Payload/SNAPStudyAud.app/Base.lproj/Main.storyboardc/UINavigationController-cxf-qv-T1f.nib/objects-13.0+.nib ... 
2019-11-06 15:04:21 +0000  2330 bytes for ./Payload/SNAPStudyAud.app/Base.lproj/Main.storyboardc/UINavigationController-cxf-qv-T1f.nib/objects-13.0+.nib
2019-11-06 15:04:21 +0000  copying file ./Payload/SNAPStudyAud.app/Base.lproj/Main.storyboardc/UINavigationController-cxf-qv-T1f.nib/runtime.nib ... 
2019-11-06 15:04:21 +0000  2330 bytes for ./Payload/SNAPStudyAud.app/Base.lproj/Main.storyboardc/UINavigationController-cxf-qv-T1f.nib/runtime.nib
2019-11-06 15:04:21 +0000  copying file ./Payload/SNAPStudyAud.app/Base.lproj/Main.storyboardc/h6x-bA-xDR-view-a8X-Tw-3Sj.nib/objects-13.0+.nib ... 
2019-11-06 15:04:21 +0000  1834 bytes for ./Payload/SNAPStudyAud.app/Base.lproj/Main.storyboardc/h6x-bA-xDR-view-a8X-Tw-3Sj.nib/objects-13.0+.nib
2019-11-06 15:04:21 +0000  copying file ./Payload/SNAPStudyAud.app/Base.lproj/Main.storyboardc/h6x-bA-xDR-view-a8X-Tw-3Sj.nib/runtime.nib ... 
2019-11-06 15:04:21 +0000  1832 bytes for ./Payload/SNAPStudyAud.app/Base.lproj/Main.storyboardc/h6x-bA-xDR-view-a8X-Tw-3Sj.nib/runtime.nib
2019-11-06 15:04:21 +0000  copying file ./Payload/SNAPStudyAud.app/Base.lproj/Main.storyboardc/Info.plist ... 
2019-11-06 15:04:21 +0000  713 bytes for ./Payload/SNAPStudyAud.app/Base.lproj/Main.storyboardc/Info.plist
2019-11-06 15:04:21 +0000  copying file ./Payload/SNAPStudyAud.app/Base.lproj/Main.storyboardc/y2O-JD-i7h-view-56p-rZ-zeD.nib/objects-13.0+.nib ... 
2019-11-06 15:04:21 +0000  16747 bytes for ./Payload/SNAPStudyAud.app/Base.lproj/Main.storyboardc/y2O-JD-i7h-view-56p-rZ-zeD.nib/objects-13.0+.nib
2019-11-06 15:04:21 +0000  copying file ./Payload/SNAPStudyAud.app/Base.lproj/Main.storyboardc/y2O-JD-i7h-view-56p-rZ-zeD.nib/runtime.nib ... 
2019-11-06 15:04:21 +0000  16740 bytes for ./Payload/SNAPStudyAud.app/Base.lproj/Main.storyboardc/y2O-JD-i7h-view-56p-rZ-zeD.nib/runtime.nib
2019-11-06 15:04:21 +0000  copying file ./Payload/SNAPStudyAud.app/Assets.car ... 
2019-11-06 15:04:21 +0000  79064 bytes for ./Payload/SNAPStudyAud.app/Assets.car
2019-11-06 15:04:21 +0000  copying file ./Payload/SNAPStudyAud.app/AppIcon40x40@2x~ipad.png ... 
2019-11-06 15:04:21 +0000  12794 bytes for ./Payload/SNAPStudyAud.app/AppIcon40x40@2x~ipad.png
2019-11-06 15:04:21 +0000  copying file ./Payload/SNAPStudyAud.app/AppIcon76x76@2x~ipad.png ... 
2019-11-06 15:04:21 +0000  31241 bytes for ./Payload/SNAPStudyAud.app/AppIcon76x76@2x~ipad.png
copying file ./Payload/SNAPStudyAud.app/silence.wav ... 
2019-11-06 15:04:21 +0000  60066 bytes for ./Payload/SNAPStudyAud.app/silence.wav
copying file ./Payload/SNAPStudyAud.app/newcue_L.wav ... 
2019-11-06 15:04:21 +0000  8864 bytes for ./Payload/SNAPStudyAud.app/newcue_L.wav
copying file ./Payload/SNAPStudyAud.app/high high Take 1.wav ... 
2019-11-06 15:04:21 +0000  45406 bytes for ./Payload/SNAPStudyAud.app/high high Take 1.wav
copying file ./Payload/SNAPStudyAud.app/high day Take 1.wav ... 
2019-11-06 15:04:21 +0000  44182 bytes for ./Payload/SNAPStudyAud.app/high day Take 1.wav
2019-11-06 15:04:21 +0000  copying file ./Payload/SNAPStudyAud.app/low low Take 1.wav ... 
2019-11-06 15:04:21 +0000  44156 bytes for ./Payload/SNAPStudyAud.app/low low Take 1.wav
2019-11-06 15:04:21 +0000  copying file ./Payload/SNAPStudyAud.app/AppIcon29x29@2x~ipad.png ... 
2019-11-06 15:04:21 +0000  8678 bytes for ./Payload/SNAPStudyAud.app/AppIcon29x29@2x~ipad.png
copying file ./Payload/SNAPStudyAud.app/AppIcon40x40~ipad.png ... 
2019-11-06 15:04:21 +0000  6424 bytes for ./Payload/SNAPStudyAud.app/AppIcon40x40~ipad.png
copying file ./Payload/SNAPStudyAud.app/fix5e.wav ... 
2019-11-06 15:04:21 +0000  529266 bytes for ./Payload/SNAPStudyAud.app/fix5e.wav
2019-11-06 15:04:21 +0000  copying file ./Payload/SNAPStudyAud.app/Frameworks/OneDriveSDK.framework/_CodeSignature/CodeResources ... 
2019-11-06 15:04:21 +0000  3994 bytes for ./Payload/SNAPStudyAud.app/Frameworks/OneDriveSDK.framework/_CodeSignature/CodeResources
2019-11-06 15:04:21 +0000  copying file ./Payload/SNAPStudyAud.app/Frameworks/OneDriveSDK.framework/OneDriveSDK ... 
2019-11-06 15:04:21 +0000  1963360 bytes for ./Payload/SNAPStudyAud.app/Frameworks/OneDriveSDK.framework/OneDriveSDK
2019-11-06 15:04:21 +0000  copying file ./Payload/SNAPStudyAud.app/Frameworks/OneDriveSDK.framework/ADAL_iPad_Storyboard.storyboardc/LogonNavigator.nib ... 
2037 bytes for ./Payload/SNAPStudyAud.app/Frameworks/OneDriveSDK.framework/ADAL_iPad_Storyboard.storyboardc/LogonNavigator.nib
copying file ./Payload/SNAPStudyAud.app/Frameworks/OneDriveSDK.framework/ADAL_iPad_Storyboard.storyboardc/Info.plist ... 
197 bytes for ./Payload/SNAPStudyAud.app/Frameworks/OneDriveSDK.framework/ADAL_iPad_Storyboard.storyboardc/Info.plist
copying file ./Payload/SNAPStudyAud.app/Frameworks/OneDriveSDK.framework/ADAL_iPad_Storyboard.storyboardc/leH-LM-mXg-view-nBc-go-Asd.nib ... 
2019-11-06 15:04:21 +0000  1538 bytes for ./Payload/SNAPStudyAud.app/Frameworks/OneDriveSDK.framework/ADAL_iPad_Storyboard.storyboardc/leH-LM-mXg-view-nBc-go-Asd.nib
2019-11-06 15:04:21 +0000  copying file ./Payload/SNAPStudyAud.app/Frameworks/OneDriveSDK.framework/Info.plist ... 
2019-11-06 15:04:21 +0000  750 bytes for ./Payload/SNAPStudyAud.app/Frameworks/OneDriveSDK.framework/Info.plist
2019-11-06 15:04:21 +0000  copying file ./Payload/SNAPStudyAud.app/Frameworks/OneDriveSDK.framework/ADAL_iPhone_Storyboard.storyboardc/LogonNavigator.nib ... 
2019-11-06 15:04:21 +0000  1965 bytes for ./Payload/SNAPStudyAud.app/Frameworks/OneDriveSDK.framework/ADAL_iPhone_Storyboard.storyboardc/LogonNavigator.nib
copying file ./Payload/SNAPStudyAud.app/Frameworks/OneDriveSDK.framework/ADAL_iPhone_Storyboard.storyboardc/GcB-iz-KCM-view-UxT-im-uCY.nib ... 
2019-11-06 15:04:21 +0000  1538 bytes for ./Payload/SNAPStudyAud.app/Frameworks/OneDriveSDK.framework/ADAL_iPhone_Storyboard.storyboardc/GcB-iz-KCM-view-UxT-im-uCY.nib
2019-11-06 15:04:21 +0000  copying file ./Payload/SNAPStudyAud.app/Frameworks/OneDriveSDK.framework/ADAL_iPhone_Storyboard.storyboardc/Info.plist ... 
197 bytes for ./Payload/SNAPStudyAud.app/Frameworks/OneDriveSDK.framework/ADAL_iPhone_Storyboard.storyboardc/Info.plist
2019-11-06 15:04:21 +0000  copying file ./Payload/SNAPStudyAud.app/embedded.mobileprovision ... 
2019-11-06 15:04:21 +0000  7360 bytes for ./Payload/SNAPStudyAud.app/embedded.mobileprovision
copying file ./Payload/SNAPStudyAud.app/Info.plist ... 
2019-11-06 15:04:21 +0000  1612 bytes for ./Payload/SNAPStudyAud.app/Info.plist
copying file ./Payload/SNAPStudyAud.app/feeerr.wav ... 
2019-11-06 15:04:21 +0000  12340 bytes for ./Payload/SNAPStudyAud.app/feeerr.wav
copying file ./Payload/SNAPStudyAud.app/PkgInfo ... 
2019-11-06 15:04:21 +0000  8 bytes for ./Payload/SNAPStudyAud.app/PkgInfo
2019-11-06 15:04:21 +0000  copying file ./Payload/SNAPStudyAud.app/AppIcon76x76~ipad.png ... 
2019-11-06 15:04:21 +0000  12965 bytes for ./Payload/SNAPStudyAud.app/AppIcon76x76~ipad.png
2019-11-06 15:04:21 +0000  /usr/bin/ditto exited with 0
2019-11-06 15:04:21 +0000  Processing step: IDEDistributionAppStoreInformationStep
2019-11-06 15:04:21 +0000  Skipping step: IDEDistributionAppStoreInformationStep because it said so
2019-11-06 15:04:21 +0000  Processing step: IDEDistributionGenerateProcessedDistributionItems
2019-11-06 15:04:21 +0000  Processing step: IDEDistributionCreateManifestStep
